56.0 APEX_CODE,FINEST;APEX_PROFILING,INFO;CALLOUT,INFO;DB,INFO;NBA,INFO;SYSTEM,DEBUG;VALIDATION,INFO;VISUALFORCE,INFO;WAVE,INFO;WORKFLOW,INFO
Execute Anonymous: Nextedmap.nextedmap();
03:10:07.1 (1414457)|USER_INFO|[EXTERNAL]|0055g00000GSiOm|suryabhan.shinde@enzigma.com|(GMT-08:00) Pacific Standard Time (America/Los_Angeles)|GMT-08:00
03:10:07.1 (1439598)|EXECUTION_STARTED
03:10:07.1 (1444114)|CODE_UNIT_STARTED|[EXTERNAL]|execute_anonymous_apex
03:10:07.1 (1712355)|HEAP_ALLOCATE|[79]|Bytes:3
03:10:07.1 (1765755)|HEAP_ALLOCATE|[84]|Bytes:152
03:10:07.1 (1801444)|HEAP_ALLOCATE|[399]|Bytes:408
03:10:07.1 (1818616)|HEAP_ALLOCATE|[412]|Bytes:408
03:10:07.1 (1833730)|HEAP_ALLOCATE|[520]|Bytes:48
03:10:07.1 (1860747)|HEAP_ALLOCATE|[139]|Bytes:6
03:10:07.1 (1886420)|HEAP_ALLOCATE|[EXTERNAL]|Bytes:1
03:10:07.1 (1977563)|STATEMENT_EXECUTE|[1]
03:10:07.1 (1980306)|STATEMENT_EXECUTE|[1]
03:10:07.1 (2028129)|HEAP_ALLOCATE|[52]|Bytes:5
03:10:07.1 (2056457)|HEAP_ALLOCATE|[58]|Bytes:5
03:10:07.1 (2064745)|HEAP_ALLOCATE|[66]|Bytes:7
03:10:07.1 (2087260)|SYSTEM_MODE_ENTER|false
03:10:07.1 (2115971)|HEAP_ALLOCATE|[1]|Bytes:5
03:10:07.1 (11658646)|HEAP_ALLOCATE|[1]|Bytes:1
03:10:07.1 (11704466)|METHOD_ENTRY|[1]|01p5g00000hqZVY|Nextedmap.Nextedmap()
03:10:07.1 (11715223)|STATEMENT_EXECUTE|[1]
03:10:07.1 (11723505)|STATEMENT_EXECUTE|[1]
03:10:07.1 (11731363)|METHOD_EXIT|[1]|Nextedmap
03:10:07.1 (11767761)|METHOD_ENTRY|[1]|01p5g00000hqZVY|Nextedmap.nextedmap()
03:10:07.1 (11814428)|STATEMENT_EXECUTE|[2]
03:10:07.1 (11816627)|STATEMENT_EXECUTE|[3]
03:10:07.1 (11843972)|HEAP_ALLOCATE|[3]|Bytes:4
03:10:07.1 (11864155)|HEAP_ALLOCATE|[4]|Bytes:9
03:10:07.1 (11874809)|HEAP_ALLOCATE|[4]|Bytes:4
03:10:07.1 (11881501)|HEAP_ALLOCATE|[5]|Bytes:9
03:10:07.1 (11885806)|HEAP_ALLOCATE|[5]|Bytes:6
03:10:07.1 (11984155)|HEAP_ALLOCATE|[6]|Bytes:9
03:10:07.1 (11989328)|HEAP_ALLOCATE|[6]|Bytes:6
03:10:07.1 (12001923)|HEAP_ALLOCATE|[7]|Bytes:9
03:10:07.1 (12006584)|HEAP_ALLOCATE|[7]|Bytes:6
03:10:07.1 (12038868)|HEAP_ALLOCATE|[9]|Bytes:9
03:10:07.1 (12047173)|HEAP_ALLOCATE|[9]|Bytes:4
03:10:07.1 (12074859)|HEAP_ALLOCATE|[12]|Bytes:9
03:10:07.1 (12081767)|HEAP_ALLOCATE|[12]|Bytes:4
03:10:07.1 (12119454)|VARIABLE_SCOPE_BEGIN|[3]|MyMap|Map<String,Map<String,String>>|true|false
03:10:07.1 (12203660)|VARIABLE_ASSIGNMENT|[3]|MyMap|{"KeyValue1":{"KeyValueA":"ValueA","KeyValueB":"ValueB","KeyValueC":"ValueC"},"KeyValue2":{"KeyValueA":"ValueA"},"KeyValue3":{"KeyValueA":"ValueA","KeyValueB":"ValueB"}}|0x4a971062
03:10:07.1 (12216645)|METHOD_EXIT|[1]|01p5g00000hqZVY|Nextedmap.nextedmap()
03:10:07.1 (12228597)|SYSTEM_MODE_EXIT|false
03:10:07.12 (12313748)|CUMULATIVE_LIMIT_USAGE
03:10:07.12 (12313748)|LIMIT_USAGE_FOR_NS|(default)|
  Number of SOQL queries: 0 out of 100
  Number of query rows: 0 out of 50000
  Number of SOSL queries: 0 out of 20
  Number of DML statements: 0 out of 150
  Number of Publish Immediate DML: 0 out of 150
  Number of DML rows: 0 out of 10000
  Maximum CPU time: 0 out of 10000
  Maximum heap size: 0 out of 6000000
  Number of callouts: 0 out of 100
  Number of Email Invocations: 0 out of 10
  Number of future calls: 0 out of 50
  Number of queueable jobs added to the queue: 0 out of 50
  Number of Mobile Apex push calls: 0 out of 10

03:10:07.12 (12313748)|CUMULATIVE_LIMIT_USAGE_END

03:10:07.1 (12370729)|CODE_UNIT_FINISHED|execute_anonymous_apex
03:10:07.1 (12378417)|EXECUTION_FINISHED
